<?xml version="1.0" encoding="UTF-8"?>
<!-- Generated by org.testng.reporters.JUnitXMLReporter -->
<testsuite hostname="satishkumar-PC" name="Test" tests="1" failures="0" timestamp="12 Aug 2016 14:11:22 GMT" time="0.211" errors="0">
  <testcase name="@BeforeTest startBrowser" time="0.0" classname="com.Interview.links.PopupTestNaukari">
    <failure type="java.lang.IllegalStateException" message="The path to the driver executable must be set by the webdriver.chrome.driver system property; for more information, see https://github.com/SeleniumHQ/selenium/wiki/ChromeDriver. The latest version can be downloaded from http://chromedriver.storage.googleapis.com/index.html">
      <![CDATA[java.lang.IllegalStateException: The path to the driver executable must be set by the webdriver.chrome.driver system property; for more information, see https://github.com/SeleniumHQ/selenium/wiki/ChromeDriver. The latest version can be downloaded from http://chromedriver.storage.googleapis.com/index.html
	at com.google.common.base.Preconditions.checkState(Preconditions.java:199)
	at org.openqa.selenium.remote.service.DriverService.findExecutable(DriverService.java:109)
	at org.openqa.selenium.chrome.ChromeDriverService.access$000(ChromeDriverService.java:32)
	at org.openqa.selenium.chrome.ChromeDriverService$Builder.findDefaultExecutable(ChromeDriverService.java:137)
	at org.openqa.selenium.remote.service.DriverService$Builder.build(DriverService.java:296)
	at org.openqa.selenium.chrome.ChromeDriverService.createDefaultService(ChromeDriverService.java:88)
	at org.openqa.selenium.chrome.ChromeDriver.<init>(ChromeDriver.java:116)
	at com.Interview.links.PopupTestNaukari.startBrowser(PopupTestNaukari.java:21)
... Removed 22 stack frames]]>
    </failure>
  </testcase> <!-- @BeforeTest startBrowser -->
  <testcase name="@AfterTest closeDriver" time="0.0" classname="com.Interview.links.PopupTestNaukari">
    <skipped/>
  </testcase> <!-- @AfterTest closeDriver -->
  <testcase name="testPopup" time="0.004" classname="com.Interview.links.PopupTestNaukari">
    <skipped/>
  </testcase> <!-- testPopup -->
</testsuite> <!-- Test -->
